<?xml version="1.0" encoding="UTF-8"?>
<!-- Generated by org.testng.reporters.JUnitXMLReporter -->
<testsuite ignored="0" hostname="Prakash-KT" failures="0" tests="10" name="chrome Browser Test" time="98.434" errors="0" timestamp="2023-01-10T11:01:44 IST">
  <testcase classname="com.ecommerce.testCases.HomeTest" name="homePageTitleTest" time="0.083"/>
  <testcase classname="com.ecommerce.testCases.HomeTest" name="homePageUrlTest" time="0.005"/>
  <testcase classname="com.ecommerce.testCases.HomeTest" name="homePageLogoTest" time="0.07"/>
  <testcase classname="com.ecommerce.testCases.StorePageTest" name="navigateToStorePageTest" time="3.636"/>
  <testcase classname="com.ecommerce.testCases.StorePageTest" name="searchProductTest" time="6.971"/>
  <testcase classname="com.ecommerce.testCases.StorePageTest" name="addToCartTest" time="4.833"/>
  <testcase classname="com.ecommerce.testCases.CartPageTest" name="navigateToCartPageTest" time="10.128"/>
  <testcase classname="com.ecommerce.testCases.CartPageTest" name="applyCouponCodeTest" time="3.288"/>
  <testcase classname="com.ecommerce.testCases.CheckoutPageTest" name="proceedToCheckout" time="14.143"/>
  <testcase classname="com.ecommerce.testCases.CheckoutPageTest" name="checkoutPageplaceOrderTest" time="7.092"/>
</testsuite> <!-- chrome Browser Test -->
