<?xml version="1.0" encoding="UTF-8"?>
<!-- Generated by org.testng.reporters.JUnitXMLReporter -->
<testsuite ignored="0" hostname="Prakash-KT" failures="0" tests="13" name="Chromium Browser Test" time="73.669" errors="0" timestamp="2023-01-04T22:00:34 IST">
  <testcase classname="com.ecommerce.testCases.HomeTest" name="homePageTitleTest" time="0.094"/>
  <testcase classname="com.ecommerce.testCases.HomeTest" name="homePageUrlTest" time="0.002"/>
  <testcase classname="com.ecommerce.testCases.HomeTest" name="homePageLogoTest" time="0.053"/>
  <testcase classname="com.ecommerce.testCases.StorePageTest" name="navigateToStorePageTest" time="0.927"/>
  <testcase classname="com.ecommerce.testCases.StorePageTest" name="storePageUrlTest" time="0.004"/>
  <testcase classname="com.ecommerce.testCases.StorePageTest" name="searchProductTest" time="10.803"/>
  <testcase classname="com.ecommerce.testCases.StorePageTest" name="addToCartTest" time="5.096"/>
  <testcase classname="com.ecommerce.testCases.CartPageTest" name="navigateToCartPageTest" time="12.442"/>
  <testcase classname="com.ecommerce.testCases.CartPageTest" name="cartPageUrlTest" time="0.002"/>
  <testcase classname="com.ecommerce.testCases.CartPageTest" name="applyCouponCodeTest" time="5.162"/>
  <testcase classname="com.ecommerce.testCases.CheckoutPageTest" name="proceedToCheckout" time="4.454"/>
  <testcase classname="com.ecommerce.testCases.CheckoutPageTest" name="checkoutPageUrlTest" time="0.002"/>
  <testcase classname="com.ecommerce.testCases.CheckoutPageTest" name="checkoutPageplaceOrderTest" time="7.404"/>
</testsuite> <!-- Chromium Browser Test -->
