<?xml version="1.0" encoding="UTF-8"?>
<!-- Generated by org.testng.reporters.JUnitXMLReporter -->
<testsuite ignored="0" hostname="Prakash-KT" failures="0" tests="10" name="firefox Browser Test" time="132.734" errors="0" timestamp="2023-01-10T11:02:17 IST">
  <testcase classname="com.ecommerce.testCases.HomeTest" name="homePageTitleTest" time="0.021"/>
  <testcase classname="com.ecommerce.testCases.HomeTest" name="homePageUrlTest" time="0.013"/>
  <testcase classname="com.ecommerce.testCases.HomeTest" name="homePageLogoTest" time="0.073"/>
  <testcase classname="com.ecommerce.testCases.StorePageTest" name="navigateToStorePageTest" time="3.66"/>
  <testcase classname="com.ecommerce.testCases.StorePageTest" name="searchProductTest" time="6.769"/>
  <testcase classname="com.ecommerce.testCases.StorePageTest" name="addToCartTest" time="3.222"/>
  <testcase classname="com.ecommerce.testCases.CartPageTest" name="navigateToCartPageTest" time="10.16"/>
  <testcase classname="com.ecommerce.testCases.CartPageTest" name="applyCouponCodeTest" time="3.462"/>
  <testcase classname="com.ecommerce.testCases.CheckoutPageTest" name="proceedToCheckout" time="13.791"/>
  <testcase classname="com.ecommerce.testCases.CheckoutPageTest" name="checkoutPageplaceOrderTest" time="5.895"/>
</testsuite> <!-- firefox Browser Test -->
