<?xml version="1.0" encoding="UTF-8"?>
<!-- Generated by org.testng.reporters.JUnitXMLReporter -->
<testsuite ignored="0" hostname="Prakash-KT" failures="0" tests="5" name="HomePage Test" time="16.991" errors="0" timestamp="2022-12-28T10:28:05 IST">
  <testcase classname="com.ecommerce.testCases.HomeTest" name="verifyTitleTest" time="0.042"/>
  <testcase classname="com.ecommerce.testCases.HomeTest" name="verifyUrlTest" time="0.004"/>
  <testcase classname="com.ecommerce.testCases.HomeTest" name="verifyLogoTest" time="0.034"/>
  <testcase classname="com.ecommerce.testCases.StorePageTest" name="navigateToStoreTest" time="3.578"/>
  <testcase classname="com.ecommerce.testCases.StorePageTest" name="verifyUrlTest" time="0.002"/>
</testsuite> <!-- HomePage Test -->
