<?xml version="1.0" encoding="UTF-8"?>
<!-- Generated by org.testng.reporters.JUnitXMLReporter -->
<testsuite ignored="0" hostname="Prakash-KT" failures="0" tests="10" name="safari Browser Test" time="112.261" errors="0" timestamp="2023-01-09T10:06:26 IST">
  <testcase classname="com.ecommerce.testCases.HomeTest" name="homePageTitleTest" time="0.015"/>
  <testcase classname="com.ecommerce.testCases.HomeTest" name="homePageUrlTest" time="0.004"/>
  <testcase classname="com.ecommerce.testCases.HomeTest" name="homePageLogoTest" time="0.046"/>
  <testcase classname="com.ecommerce.testCases.StorePageTest" name="navigateToStorePageTest" time="3.631"/>
  <testcase classname="com.ecommerce.testCases.StorePageTest" name="searchProductTest" time="7.056"/>
  <testcase classname="com.ecommerce.testCases.StorePageTest" name="addToCartTest" time="4.28"/>
  <testcase classname="com.ecommerce.testCases.CartPageTest" name="navigateToCartPageTest" time="11.091"/>
  <testcase classname="com.ecommerce.testCases.CartPageTest" name="applyCouponCodeTest" time="3.649"/>
  <testcase classname="com.ecommerce.testCases.CheckoutPageTest" name="proceedToCheckout" time="14.482"/>
  <testcase classname="com.ecommerce.testCases.CheckoutPageTest" name="checkoutPageplaceOrderTest" time="6.954"/>
</testsuite> <!-- safari Browser Test -->
