<?xml version="1.0" encoding="UTF-8"?>
<!-- Generated by org.testng.reporters.JUnitXMLReporter -->
<testsuite ignored="0" hostname="Prakash-KT" failures="0" tests="3" name="chromeTest" time="16.427" errors="0" timestamp="2022-12-26T21:59:18 IST">
  <testcase classname="com.ecommerce.testCases.HomeTest" name="verifyLogoTest" time="0.043"/>
  <testcase classname="com.ecommerce.testCases.HomeTest" name="verifyTitleTest" time="0.007"/>
  <testcase classname="com.ecommerce.testCases.HomeTest" name="verifyUrlTest" time="0.002"/>
</testsuite> <!-- chromeTest -->
